<html>
<head>
<title>TestNG:  Surefire test</title>
<link href="../testng.css" rel="stylesheet" type="text/css" />
<link href="../my-testng.css" rel="stylesheet" type="text/css" />

<style type="text/css">
.log { display: none;} 
.stack-trace { display: none;} 
</style>
<script type="text/javascript">
<!--
function flip(e) {
  current = e.style.display;
  if (current == 'block') {
    e.style.display = 'none';
    return 0;
  }
  else {
    e.style.display = 'block';
    return 1;
  }
}

function toggleBox(szDivId, elem, msg1, msg2)
{
  var res = -1;  if (document.getElementById) {
    res = flip(document.getElementById(szDivId));
  }
  else if (document.all) {
    // this is the way old msie versions work
    res = flip(document.all[szDivId]);
  }
  if(elem) {
    if(res == 0) elem.innerHTML = msg1; else elem.innerHTML = msg2;
  }

}

function toggleAllBoxes() {
  if (document.getElementsByTagName) {
    d = document.getElementsByTagName('div');
    for (i = 0; i < d.length; i++) {
      if (d[i].className == 'log') {
        flip(d[i]);
      }
    }
  }
}

// -->
</script>

</head>
<body>
<h2 align='center'>Surefire test</h2><table border='1' align="center">
<tr>
<td>Tests passed/Failed/Skipped:</td><td>0/0/9</td>
</tr><tr>
<td>Started on:</td><td>Wed Nov 20 12:00:15 IST 2019</td>
</tr>
<tr><td>Total time:</td><td>33 seconds (33251 ms)</td>
</tr><tr>
<td>Included groups:</td><td></td>
</tr><tr>
<td>Excluded groups:</td><td></td>
</tr>
</table><p/>
<small><i>(Hover the method name to see the test class name)</i></small><p/>
<table width='100%' border='1' class='invocation-failed'>
<tr><td colspan='4' align='center'><b>FAILED CONFIGURATIONS</b></td></tr>
<tr><td><b>Test method</b></td>
<td width="30%"><b>Exception</b></td>
<td width="10%"><b>Time (seconds)</b></td>
<td><b>Instance</b></td>
</tr>
<tr>
<td title='com.qa.test.HomepageTest.setUp()'><b>setUp</b><br>Test class: com.qa.test.HomepageTest</td>
<td><div><pre>org.openqa.selenium.SessionNotCreatedException: session not created
from chrome not reachable
  (Session info: chrome=78.0.3904.97)
Build info: version: &apos;3.141.59&apos;, revision: &apos;e82be7d358&apos;, time: &apos;2018-11-14T08:17:03&apos;
System info: host: &apos;DESKTOP-FGI3ROV&apos;, ip: &apos;192.168.0.107&apos;, os.name: &apos;Windows 10&apos;, os.arch: &apos;amd64&apos;, os.version: &apos;10.0&apos;, java.version: &apos;1.8.0_221&apos;
Driver info: driver.version: ChromeDriver
remote stacktrace: Backtrace:
	Ordinal0 [0x0022A903+1550595]
	Ordinal0 [0x001AA701+1025793]
	Ordinal0 [0x0012C58E+509326]
	Ordinal0 [0x001262C2+484034]
	Ordinal0 [0x0012699B+485787]
	Ordinal0 [0x00127B05+490245]
	Ordinal0 [0x00123A85+473733]
	Ordinal0 [0x0012D330+512816]
	Ordinal0 [0x000DB649+177737]
	Ordinal0 [0x000DA8ED+174317]
	Ordinal0 [0x000D8CDB+167131]
	Ordinal0 [0x000C144A+70730]
	Ordinal0 [0x000C24D0+74960]
	Ordinal0 [0x000C2469+74857]
	Ordinal0 [0x001C42C7+1131207]
	GetHandleVerifier [0x002C70FD+523789]
	GetHandleVerifier [0x002C6E90+523168]
	GetHandleVerifier [0x002CE1E7+552695]
	GetHandleVerifier [0x002C78FA+525834]
	Ordinal0 [0x001BB7FC+1095676]
	Ordinal0 [0x001C633B+1139515]
	Ordinal0 [0x001C64A3+1139875]
	Ordinal0 [0x001C5425+1135653]
	BaseThreadInitThunk [0x76076359+25]
	RtlGetAppContainerNamedObjectPath [0x77817B74+228]
	RtlGetAppContainerNamedObjectPath [0x77817B44+180]
	(No symbol) [0x00000000]

	at org.openqa.selenium.remote.W3CHandshakeResponse.lambda$errorHandler$0(W3CHandshakeResponse.java:62)
	at org.openqa.selenium.remote.HandshakeResponse.lambda$getResponseFunction$0(HandshakeResponse.java:30)
	at org.openqa.selenium.remote.ProtocolHandshake.lambda$createSession$0(ProtocolHandshake.java:126)
	at java.util.stream.ReferencePipeline$3$1.accept(ReferencePipeline.java:193)
	at java.util.Spliterators$ArraySpliterator.tryAdvance(Spliterators.java:958)
	at java.util.stream.ReferencePipeline.forEachWithCancel(ReferencePipeline.java:126)
	at java.util.stream.AbstractPipeline.copyIntoWithCancel(AbstractPipeline.java:499)
	at java.util.stream.AbstractPipeline.copyInto(AbstractPipeline.java:486)
	at java.util.stream.AbstractPipeline.wrapAndCopyInto(AbstractPipeline.java:472)
	at java.util.stream.FindOps$FindOp.evaluateSequential(FindOps.java:152)
	at java.util.stream.AbstractPipeline.evaluate(AbstractPipeline.java:234)
	at java.util.stream.ReferencePipeline.findFirst(ReferencePipeline.java:464)
	at org.openqa.selenium.remote.ProtocolHandshake.createSession(ProtocolHandshake.java:128)
	at org.openqa.selenium.remote.ProtocolHandshake.createSession(ProtocolHandshake.java:74)
	at org.openqa.selenium.remote.HttpCommandExecutor.execute(HttpCommandExecutor.java:136)
	at org.openqa.selenium.remote.service.DriverCommandExecutor.execute(DriverCommandExecutor.java:83)
	at org.openqa.selenium.remote.RemoteWebDriver.execute(RemoteWebDriver.java:552)
	at org.openqa.selenium.remote.RemoteWebDriver.startSession(RemoteWebDriver.java:213)
	at org.openqa.selenium.remote.RemoteWebDriver.&lt;init&gt;(RemoteWebDriver.java:131)
	at org.openqa.selenium.chrome.ChromeDriver.&lt;init&gt;(ChromeDriver.java:181)
	at org.openqa.selenium.chrome.ChromeDriver.&lt;init&gt;(ChromeDriver.java:168)
	at org.openqa.selenium.chrome.ChromeDriver.&lt;init&gt;(ChromeDriver.java:123)
	at com.qa.base.Base.browseInit(Base.java:38)
	at com.qa.test.HomepageTest.setUp(HomepageTest.java:32)
	at org.apache.maven.surefire.testng.TestNGExecutor.run(TestNGExecutor.java:115)
	at org.apache.maven.surefire.testng.TestNGDirectoryTestSuite.executeMulti(TestNGDirectoryTestSuite.java:205)
	at org.apache.maven.surefire.testng.TestNGDirectoryTestSuite.execute(TestNGDirectoryTestSuite.java:108)
	at org.apache.maven.surefire.testng.TestNGProvider.invoke(TestNGProvider.java:111)
	at org.apache.maven.surefire.booter.ForkedBooter.invokeProviderInSameClassLoader(ForkedBooter.java:203)
	at org.apache.maven.surefire.booter.ForkedBooter.runSuitesInProcess(ForkedBooter.java:155)
	at org.apache.maven.surefire.booter.ForkedBooter.main(ForkedBooter.java:103)
... Removed 27 stack frames</pre></div><a href='#' onClick='toggleBox("stack-trace1876682596", this, "Click to show all stack frames", "Click to hide stack frames")'>Click to show all stack frames</a>
<div class='stack-trace' id='stack-trace1876682596'><pre>org.openqa.selenium.SessionNotCreatedException: session not created
from chrome not reachable
  (Session info: chrome=78.0.3904.97)
Build info: version: &apos;3.141.59&apos;, revision: &apos;e82be7d358&apos;, time: &apos;2018-11-14T08:17:03&apos;
System info: host: &apos;DESKTOP-FGI3ROV&apos;, ip: &apos;192.168.0.107&apos;, os.name: &apos;Windows 10&apos;, os.arch: &apos;amd64&apos;, os.version: &apos;10.0&apos;, java.version: &apos;1.8.0_221&apos;
Driver info: driver.version: ChromeDriver
remote stacktrace: Backtrace:
	Ordinal0 [0x0022A903+1550595]
	Ordinal0 [0x001AA701+1025793]
	Ordinal0 [0x0012C58E+509326]
	Ordinal0 [0x001262C2+484034]
	Ordinal0 [0x0012699B+485787]
	Ordinal0 [0x00127B05+490245]
	Ordinal0 [0x00123A85+473733]
	Ordinal0 [0x0012D330+512816]
	Ordinal0 [0x000DB649+177737]
	Ordinal0 [0x000DA8ED+174317]
	Ordinal0 [0x000D8CDB+167131]
	Ordinal0 [0x000C144A+70730]
	Ordinal0 [0x000C24D0+74960]
	Ordinal0 [0x000C2469+74857]
	Ordinal0 [0x001C42C7+1131207]
	GetHandleVerifier [0x002C70FD+523789]
	GetHandleVerifier [0x002C6E90+523168]
	GetHandleVerifier [0x002CE1E7+552695]
	GetHandleVerifier [0x002C78FA+525834]
	Ordinal0 [0x001BB7FC+1095676]
	Ordinal0 [0x001C633B+1139515]
	Ordinal0 [0x001C64A3+1139875]
	Ordinal0 [0x001C5425+1135653]
	BaseThreadInitThunk [0x76076359+25]
	RtlGetAppContainerNamedObjectPath [0x77817B74+228]
	RtlGetAppContainerNamedObjectPath [0x77817B44+180]
	(No symbol) [0x00000000]

	at sun.reflect.NativeConstructorAccessorImpl.newInstance0(Native Method)
	at sun.reflect.NativeConstructorAccessorImpl.newInstance(NativeConstructorAccessorImpl.java:62)
	at sun.reflect.DelegatingConstructorAccessorImpl.newInstance(DelegatingConstructorAccessorImpl.java:45)
	at java.lang.reflect.Constructor.newInstance(Constructor.java:423)
	at org.openqa.selenium.remote.W3CHandshakeResponse.lambda$errorHandler$0(W3CHandshakeResponse.java:62)
	at org.openqa.selenium.remote.HandshakeResponse.lambda$getResponseFunction$0(HandshakeResponse.java:30)
	at org.openqa.selenium.remote.ProtocolHandshake.lambda$createSession$0(ProtocolHandshake.java:126)
	at java.util.stream.ReferencePipeline$3$1.accept(ReferencePipeline.java:193)
	at java.util.Spliterators$ArraySpliterator.tryAdvance(Spliterators.java:958)
	at java.util.stream.ReferencePipeline.forEachWithCancel(ReferencePipeline.java:126)
	at java.util.stream.AbstractPipeline.copyIntoWithCancel(AbstractPipeline.java:499)
	at java.util.stream.AbstractPipeline.copyInto(AbstractPipeline.java:486)
	at java.util.stream.AbstractPipeline.wrapAndCopyInto(AbstractPipeline.java:472)
	at java.util.stream.FindOps$FindOp.evaluateSequential(FindOps.java:152)
	at java.util.stream.AbstractPipeline.evaluate(AbstractPipeline.java:234)
	at java.util.stream.ReferencePipeline.findFirst(ReferencePipeline.java:464)
	at org.openqa.selenium.remote.ProtocolHandshake.createSession(ProtocolHandshake.java:128)
	at org.openqa.selenium.remote.ProtocolHandshake.createSession(ProtocolHandshake.java:74)
	at org.openqa.selenium.remote.HttpCommandExecutor.execute(HttpCommandExecutor.java:136)
	at org.openqa.selenium.remote.service.DriverCommandExecutor.execute(DriverCommandExecutor.java:83)
	at org.openqa.selenium.remote.RemoteWebDriver.execute(RemoteWebDriver.java:552)
	at org.openqa.selenium.remote.RemoteWebDriver.startSession(RemoteWebDriver.java:213)
	at org.openqa.selenium.remote.RemoteWebDriver.&lt;init&gt;(RemoteWebDriver.java:131)
	at org.openqa.selenium.chrome.ChromeDriver.&lt;init&gt;(ChromeDriver.java:181)
	at org.openqa.selenium.chrome.ChromeDriver.&lt;init&gt;(ChromeDriver.java:168)
	at org.openqa.selenium.chrome.ChromeDriver.&lt;init&gt;(ChromeDriver.java:123)
	at com.qa.base.Base.browseInit(Base.java:38)
	at com.qa.test.HomepageTest.setUp(HomepageTest.java:32)
	at sun.reflect.NativeMethodAccessorImpl.invoke0(Native Method)
	at sun.reflect.NativeMethodAccessorImpl.invoke(NativeMethodAccessorImpl.java:62)
	at sun.reflect.DelegatingMethodAccessorImpl.invoke(DelegatingMethodAccessorImpl.java:43)
	at java.lang.reflect.Method.invoke(Method.java:498)
	at org.testng.internal.MethodInvocationHelper.invokeMethod(MethodInvocationHelper.java:80)
	at org.testng.internal.Invoker.invokeConfigurationMethod(Invoker.java:564)
	at org.testng.internal.Invoker.invokeConfigurations(Invoker.java:213)
	at org.testng.internal.Invoker.invokeMethod(Invoker.java:653)
	at org.testng.internal.Invoker.invokeTestMethod(Invoker.java:901)
	at org.testng.internal.Invoker.invokeTestMethods(Invoker.java:1231)
	at org.testng.internal.TestMethodWorker.invokeTestMethods(TestMethodWorker.java:127)
	at org.testng.internal.TestMethodWorker.run(TestMethodWorker.java:111)
	at org.testng.TestRunner.privateRun(TestRunner.java:767)
	at org.testng.TestRunner.run(TestRunner.java:617)
	at org.testng.SuiteRunner.runTest(SuiteRunner.java:334)
	at org.testng.SuiteRunner.runSequentially(SuiteRunner.java:329)
	at org.testng.SuiteRunner.privateRun(SuiteRunner.java:291)
	at org.testng.SuiteRunner.run(SuiteRunner.java:240)
	at org.testng.SuiteRunnerWorker.runSuite(SuiteRunnerWorker.java:52)
	at org.testng.SuiteRunnerWorker.run(SuiteRunnerWorker.java:86)
	at org.testng.TestNG.runSuitesSequentially(TestNG.java:1198)
	at org.testng.TestNG.runSuitesLocally(TestNG.java:1123)
	at org.testng.TestNG.run(TestNG.java:1031)
	at org.apache.maven.surefire.testng.TestNGExecutor.run(TestNGExecutor.java:115)
	at org.apache.maven.surefire.testng.TestNGDirectoryTestSuite.executeMulti(TestNGDirectoryTestSuite.java:205)
	at org.apache.maven.surefire.testng.TestNGDirectoryTestSuite.execute(TestNGDirectoryTestSuite.java:108)
	at org.apache.maven.surefire.testng.TestNGProvider.invoke(TestNGProvider.java:111)
	at org.apache.maven.surefire.booter.ForkedBooter.invokeProviderInSameClassLoader(ForkedBooter.java:203)
	at org.apache.maven.surefire.booter.ForkedBooter.runSuitesInProcess(ForkedBooter.java:155)
	at org.apache.maven.surefire.booter.ForkedBooter.main(ForkedBooter.java:103)
</pre></div></td>
<td>0</td>
<td>com.qa.test.HomepageTest@56cbfb61</td></tr>
<tr>
<td title='com.qa.test.LoginTest.setUp()'><b>setUp</b><br>Test class: com.qa.test.LoginTest</td>
<td><div><pre>org.openqa.selenium.SessionNotCreatedException: session not created
from chrome not reachable
  (Session info: chrome=78.0.3904.97)
Build info: version: &apos;3.141.59&apos;, revision: &apos;e82be7d358&apos;, time: &apos;2018-11-14T08:17:03&apos;
System info: host: &apos;DESKTOP-FGI3ROV&apos;, ip: &apos;192.168.0.107&apos;, os.name: &apos;Windows 10&apos;, os.arch: &apos;amd64&apos;, os.version: &apos;10.0&apos;, java.version: &apos;1.8.0_221&apos;
Driver info: driver.version: ChromeDriver
remote stacktrace: Backtrace:
	Ordinal0 [0x0022A903+1550595]
	Ordinal0 [0x001AA701+1025793]
	Ordinal0 [0x0012C58E+509326]
	Ordinal0 [0x001262C2+484034]
	Ordinal0 [0x0012699B+485787]
	Ordinal0 [0x00127B05+490245]
	Ordinal0 [0x00123A85+473733]
	Ordinal0 [0x0012D330+512816]
	Ordinal0 [0x000DB649+177737]
	Ordinal0 [0x000DA8ED+174317]
	Ordinal0 [0x000D8CDB+167131]
	Ordinal0 [0x000C144A+70730]
	Ordinal0 [0x000C24D0+74960]
	Ordinal0 [0x000C2469+74857]
	Ordinal0 [0x001C42C7+1131207]
	GetHandleVerifier [0x002C70FD+523789]
	GetHandleVerifier [0x002C6E90+523168]
	GetHandleVerifier [0x002CE1E7+552695]
	GetHandleVerifier [0x002C78FA+525834]
	Ordinal0 [0x001BB7FC+1095676]
	Ordinal0 [0x001C633B+1139515]
	Ordinal0 [0x001C64A3+1139875]
	Ordinal0 [0x001C5425+1135653]
	BaseThreadInitThunk [0x76076359+25]
	RtlGetAppContainerNamedObjectPath [0x77817B74+228]
	RtlGetAppContainerNamedObjectPath [0x77817B44+180]
	(No symbol) [0x00000000]

	at org.openqa.selenium.remote.W3CHandshakeResponse.lambda$errorHandler$0(W3CHandshakeResponse.java:62)
	at org.openqa.selenium.remote.HandshakeResponse.lambda$getResponseFunction$0(HandshakeResponse.java:30)
	at org.openqa.selenium.remote.ProtocolHandshake.lambda$createSession$0(ProtocolHandshake.java:126)
	at java.util.stream.ReferencePipeline$3$1.accept(ReferencePipeline.java:193)
	at java.util.Spliterators$ArraySpliterator.tryAdvance(Spliterators.java:958)
	at java.util.stream.ReferencePipeline.forEachWithCancel(ReferencePipeline.java:126)
	at java.util.stream.AbstractPipeline.copyIntoWithCancel(AbstractPipeline.java:499)
	at java.util.stream.AbstractPipeline.copyInto(AbstractPipeline.java:486)
	at java.util.stream.AbstractPipeline.wrapAndCopyInto(AbstractPipeline.java:472)
	at java.util.stream.FindOps$FindOp.evaluateSequential(FindOps.java:152)
	at java.util.stream.AbstractPipeline.evaluate(AbstractPipeline.java:234)
	at java.util.stream.ReferencePipeline.findFirst(ReferencePipeline.java:464)
	at org.openqa.selenium.remote.ProtocolHandshake.createSession(ProtocolHandshake.java:128)
	at org.openqa.selenium.remote.ProtocolHandshake.createSession(ProtocolHandshake.java:74)
	at org.openqa.selenium.remote.HttpCommandExecutor.execute(HttpCommandExecutor.java:136)
	at org.openqa.selenium.remote.service.DriverCommandExecutor.execute(DriverCommandExecutor.java:83)
	at org.openqa.selenium.remote.RemoteWebDriver.execute(RemoteWebDriver.java:552)
	at org.openqa.selenium.remote.RemoteWebDriver.startSession(RemoteWebDriver.java:213)
	at org.openqa.selenium.remote.RemoteWebDriver.&lt;init&gt;(RemoteWebDriver.java:131)
	at org.openqa.selenium.chrome.ChromeDriver.&lt;init&gt;(ChromeDriver.java:181)
	at org.openqa.selenium.chrome.ChromeDriver.&lt;init&gt;(ChromeDriver.java:168)
	at org.openqa.selenium.chrome.ChromeDriver.&lt;init&gt;(ChromeDriver.java:123)
	at com.qa.base.Base.browseInit(Base.java:38)
	at com.qa.test.LoginTest.setUp(LoginTest.java:60)
	at org.apache.maven.surefire.testng.TestNGExecutor.run(TestNGExecutor.java:115)
	at org.apache.maven.surefire.testng.TestNGDirectoryTestSuite.executeMulti(TestNGDirectoryTestSuite.java:205)
	at org.apache.maven.surefire.testng.TestNGDirectoryTestSuite.execute(TestNGDirectoryTestSuite.java:108)
	at org.apache.maven.surefire.testng.TestNGProvider.invoke(TestNGProvider.java:111)
	at org.apache.maven.surefire.booter.ForkedBooter.invokeProviderInSameClassLoader(ForkedBooter.java:203)
	at org.apache.maven.surefire.booter.ForkedBooter.runSuitesInProcess(ForkedBooter.java:155)
	at org.apache.maven.surefire.booter.ForkedBooter.main(ForkedBooter.java:103)
... Removed 27 stack frames</pre></div><a href='#' onClick='toggleBox("stack-trace1182908789", this, "Click to show all stack frames", "Click to hide stack frames")'>Click to show all stack frames</a>
<div class='stack-trace' id='stack-trace1182908789'><pre>org.openqa.selenium.SessionNotCreatedException: session not created
from chrome not reachable
  (Session info: chrome=78.0.3904.97)
Build info: version: &apos;3.141.59&apos;, revision: &apos;e82be7d358&apos;, time: &apos;2018-11-14T08:17:03&apos;
System info: host: &apos;DESKTOP-FGI3ROV&apos;, ip: &apos;192.168.0.107&apos;, os.name: &apos;Windows 10&apos;, os.arch: &apos;amd64&apos;, os.version: &apos;10.0&apos;, java.version: &apos;1.8.0_221&apos;
Driver info: driver.version: ChromeDriver
remote stacktrace: Backtrace:
	Ordinal0 [0x0022A903+1550595]
	Ordinal0 [0x001AA701+1025793]
	Ordinal0 [0x0012C58E+509326]
	Ordinal0 [0x001262C2+484034]
	Ordinal0 [0x0012699B+485787]
	Ordinal0 [0x00127B05+490245]
	Ordinal0 [0x00123A85+473733]
	Ordinal0 [0x0012D330+512816]
	Ordinal0 [0x000DB649+177737]
	Ordinal0 [0x000DA8ED+174317]
	Ordinal0 [0x000D8CDB+167131]
	Ordinal0 [0x000C144A+70730]
	Ordinal0 [0x000C24D0+74960]
	Ordinal0 [0x000C2469+74857]
	Ordinal0 [0x001C42C7+1131207]
	GetHandleVerifier [0x002C70FD+523789]
	GetHandleVerifier [0x002C6E90+523168]
	GetHandleVerifier [0x002CE1E7+552695]
	GetHandleVerifier [0x002C78FA+525834]
	Ordinal0 [0x001BB7FC+1095676]
	Ordinal0 [0x001C633B+1139515]
	Ordinal0 [0x001C64A3+1139875]
	Ordinal0 [0x001C5425+1135653]
	BaseThreadInitThunk [0x76076359+25]
	RtlGetAppContainerNamedObjectPath [0x77817B74+228]
	RtlGetAppContainerNamedObjectPath [0x77817B44+180]
	(No symbol) [0x00000000]

	at sun.reflect.NativeConstructorAccessorImpl.newInstance0(Native Method)
	at sun.reflect.NativeConstructorAccessorImpl.newInstance(NativeConstructorAccessorImpl.java:62)
	at sun.reflect.DelegatingConstructorAccessorImpl.newInstance(DelegatingConstructorAccessorImpl.java:45)
	at java.lang.reflect.Constructor.newInstance(Constructor.java:423)
	at org.openqa.selenium.remote.W3CHandshakeResponse.lambda$errorHandler$0(W3CHandshakeResponse.java:62)
	at org.openqa.selenium.remote.HandshakeResponse.lambda$getResponseFunction$0(HandshakeResponse.java:30)
	at org.openqa.selenium.remote.ProtocolHandshake.lambda$createSession$0(ProtocolHandshake.java:126)
	at java.util.stream.ReferencePipeline$3$1.accept(ReferencePipeline.java:193)
	at java.util.Spliterators$ArraySpliterator.tryAdvance(Spliterators.java:958)
	at java.util.stream.ReferencePipeline.forEachWithCancel(ReferencePipeline.java:126)
	at java.util.stream.AbstractPipeline.copyIntoWithCancel(AbstractPipeline.java:499)
	at java.util.stream.AbstractPipeline.copyInto(AbstractPipeline.java:486)
	at java.util.stream.AbstractPipeline.wrapAndCopyInto(AbstractPipeline.java:472)
	at java.util.stream.FindOps$FindOp.evaluateSequential(FindOps.java:152)
	at java.util.stream.AbstractPipeline.evaluate(AbstractPipeline.java:234)
	at java.util.stream.ReferencePipeline.findFirst(ReferencePipeline.java:464)
	at org.openqa.selenium.remote.ProtocolHandshake.createSession(ProtocolHandshake.java:128)
	at org.openqa.selenium.remote.ProtocolHandshake.createSession(ProtocolHandshake.java:74)
	at org.openqa.selenium.remote.HttpCommandExecutor.execute(HttpCommandExecutor.java:136)
	at org.openqa.selenium.remote.service.DriverCommandExecutor.execute(DriverCommandExecutor.java:83)
	at org.openqa.selenium.remote.RemoteWebDriver.execute(RemoteWebDriver.java:552)
	at org.openqa.selenium.remote.RemoteWebDriver.startSession(RemoteWebDriver.java:213)
	at org.openqa.selenium.remote.RemoteWebDriver.&lt;init&gt;(RemoteWebDriver.java:131)
	at org.openqa.selenium.chrome.ChromeDriver.&lt;init&gt;(ChromeDriver.java:181)
	at org.openqa.selenium.chrome.ChromeDriver.&lt;init&gt;(ChromeDriver.java:168)
	at org.openqa.selenium.chrome.ChromeDriver.&lt;init&gt;(ChromeDriver.java:123)
	at com.qa.base.Base.browseInit(Base.java:38)
	at com.qa.test.LoginTest.setUp(LoginTest.java:60)
	at sun.reflect.NativeMethodAccessorImpl.invoke0(Native Method)
	at sun.reflect.NativeMethodAccessorImpl.invoke(NativeMethodAccessorImpl.java:62)
	at sun.reflect.DelegatingMethodAccessorImpl.invoke(DelegatingMethodAccessorImpl.java:43)
	at java.lang.reflect.Method.invoke(Method.java:498)
	at org.testng.internal.MethodInvocationHelper.invokeMethod(MethodInvocationHelper.java:80)
	at org.testng.internal.Invoker.invokeConfigurationMethod(Invoker.java:564)
	at org.testng.internal.Invoker.invokeConfigurations(Invoker.java:213)
	at org.testng.internal.Invoker.invokeMethod(Invoker.java:653)
	at org.testng.internal.Invoker.invokeTestMethod(Invoker.java:901)
	at org.testng.internal.Invoker.invokeTestMethods(Invoker.java:1231)
	at org.testng.internal.TestMethodWorker.invokeTestMethods(TestMethodWorker.java:127)
	at org.testng.internal.TestMethodWorker.run(TestMethodWorker.java:111)
	at org.testng.TestRunner.privateRun(TestRunner.java:767)
	at org.testng.TestRunner.run(TestRunner.java:617)
	at org.testng.SuiteRunner.runTest(SuiteRunner.java:334)
	at org.testng.SuiteRunner.runSequentially(SuiteRunner.java:329)
	at org.testng.SuiteRunner.privateRun(SuiteRunner.java:291)
	at org.testng.SuiteRunner.run(SuiteRunner.java:240)
	at org.testng.SuiteRunnerWorker.runSuite(SuiteRunnerWorker.java:52)
	at org.testng.SuiteRunnerWorker.run(SuiteRunnerWorker.java:86)
	at org.testng.TestNG.runSuitesSequentially(TestNG.java:1198)
	at org.testng.TestNG.runSuitesLocally(TestNG.java:1123)
	at org.testng.TestNG.run(TestNG.java:1031)
	at org.apache.maven.surefire.testng.TestNGExecutor.run(TestNGExecutor.java:115)
	at org.apache.maven.surefire.testng.TestNGDirectoryTestSuite.executeMulti(TestNGDirectoryTestSuite.java:205)
	at org.apache.maven.surefire.testng.TestNGDirectoryTestSuite.execute(TestNGDirectoryTestSuite.java:108)
	at org.apache.maven.surefire.testng.TestNGProvider.invoke(TestNGProvider.java:111)
	at org.apache.maven.surefire.booter.ForkedBooter.invokeProviderInSameClassLoader(ForkedBooter.java:203)
	at org.apache.maven.surefire.booter.ForkedBooter.runSuitesInProcess(ForkedBooter.java:155)
	at org.apache.maven.surefire.booter.ForkedBooter.main(ForkedBooter.java:103)
</pre></div></td>
<td>0</td>
<td>com.qa.test.LoginTest@1d251891</td></tr>
</table><p>
<table width='100%' border='1' class='invocation-skipped'>
<tr><td colspan='4' align='center'><b>SKIPPED CONFIGURATIONS</b></td></tr>
<tr><td><b>Test method</b></td>
<td width="30%"><b>Exception</b></td>
<td width="10%"><b>Time (seconds)</b></td>
<td><b>Instance</b></td>
</tr>
<tr>
<td title='com.qa.test.HomepageTest.setUp()'><b>setUp</b><br>Test class: com.qa.test.HomepageTest</td>
<td></td>
<td>0</td>
<td>com.qa.test.HomepageTest@56cbfb61</td></tr>
<tr>
<td title='com.qa.test.HomepageTest.setUp()'><b>setUp</b><br>Test class: com.qa.test.HomepageTest</td>
<td></td>
<td>0</td>
<td>com.qa.test.HomepageTest@56cbfb61</td></tr>
<tr>
<td title='com.qa.test.HomepageTest.setUp()'><b>setUp</b><br>Test class: com.qa.test.HomepageTest</td>
<td></td>
<td>0</td>
<td>com.qa.test.HomepageTest@56cbfb61</td></tr>
<tr>
<td title='com.qa.test.HomepageTest.setUp()'><b>setUp</b><br>Test class: com.qa.test.HomepageTest</td>
<td></td>
<td>0</td>
<td>com.qa.test.HomepageTest@56cbfb61</td></tr>
<tr>
<td title='com.qa.test.HomepageTest.setUp()'><b>setUp</b><br>Test class: com.qa.test.HomepageTest</td>
<td></td>
<td>0</td>
<td>com.qa.test.HomepageTest@56cbfb61</td></tr>
<tr>
<td title='com.qa.test.LoginTest.setUp()'><b>setUp</b><br>Test class: com.qa.test.LoginTest</td>
<td></td>
<td>0</td>
<td>com.qa.test.LoginTest@1d251891</td></tr>
<tr>
<td title='com.qa.test.LoginTest.setUp()'><b>setUp</b><br>Test class: com.qa.test.LoginTest</td>
<td></td>
<td>0</td>
<td>com.qa.test.LoginTest@1d251891</td></tr>
<tr>
<td title='com.qa.test.HomepageTest.tearDown()'><b>tearDown</b><br>Test class: com.qa.test.HomepageTest</td>
<td></td>
<td>0</td>
<td>com.qa.test.HomepageTest@56cbfb61</td></tr>
<tr>
<td title='com.qa.test.HomepageTest.tearDown()'><b>tearDown</b><br>Test class: com.qa.test.HomepageTest</td>
<td></td>
<td>0</td>
<td>com.qa.test.HomepageTest@56cbfb61</td></tr>
<tr>
<td title='com.qa.test.HomepageTest.tearDown()'><b>tearDown</b><br>Test class: com.qa.test.HomepageTest</td>
<td></td>
<td>0</td>
<td>com.qa.test.HomepageTest@56cbfb61</td></tr>
<tr>
<td title='com.qa.test.HomepageTest.tearDown()'><b>tearDown</b><br>Test class: com.qa.test.HomepageTest</td>
<td></td>
<td>0</td>
<td>com.qa.test.HomepageTest@56cbfb61</td></tr>
<tr>
<td title='com.qa.test.HomepageTest.tearDown()'><b>tearDown</b><br>Test class: com.qa.test.HomepageTest</td>
<td></td>
<td>0</td>
<td>com.qa.test.HomepageTest@56cbfb61</td></tr>
<tr>
<td title='com.qa.test.HomepageTest.tearDown()'><b>tearDown</b><br>Test class: com.qa.test.HomepageTest</td>
<td></td>
<td>0</td>
<td>com.qa.test.HomepageTest@56cbfb61</td></tr>
<tr>
<td title='com.qa.test.LoginTest.tearDown()'><b>tearDown</b><br>Test class: com.qa.test.LoginTest</td>
<td></td>
<td>0</td>
<td>com.qa.test.LoginTest@1d251891</td></tr>
<tr>
<td title='com.qa.test.LoginTest.tearDown()'><b>tearDown</b><br>Test class: com.qa.test.LoginTest</td>
<td></td>
<td>0</td>
<td>com.qa.test.LoginTest@1d251891</td></tr>
<tr>
<td title='com.qa.test.LoginTest.tearDown()'><b>tearDown</b><br>Test class: com.qa.test.LoginTest</td>
<td></td>
<td>0</td>
<td>com.qa.test.LoginTest@1d251891</td></tr>
</table><p>
<table width='100%' border='1' class='invocation-skipped'>
<tr><td colspan='4' align='center'><b>SKIPPED TESTS</b></td></tr>
<tr><td><b>Test method</b></td>
<td width="30%"><b>Exception</b></td>
<td width="10%"><b>Time (seconds)</b></td>
<td><b>Instance</b></td>
</tr>
<tr>
<td title='com.qa.test.HomepageTest.contactLinkTest()'><b>contactLinkTest</b><br>Test class: com.qa.test.HomepageTest</td>
<td></td>
<td>0</td>
<td>com.qa.test.HomepageTest@56cbfb61</td></tr>
<tr>
<td title='com.qa.test.HomepageTest.crmLogoTest()'><b>crmLogoTest</b><br>Test class: com.qa.test.HomepageTest</td>
<td></td>
<td>0</td>
<td>com.qa.test.HomepageTest@56cbfb61</td></tr>
<tr>
<td title='com.qa.test.HomepageTest.customersLinkTest()'><b>customersLinkTest</b><br>Test class: com.qa.test.HomepageTest</td>
<td></td>
<td>0</td>
<td>com.qa.test.HomepageTest@56cbfb61</td></tr>
<tr>
<td title='com.qa.test.HomepageTest.featuresLinkTest()'><b>featuresLinkTest</b><br>Test class: com.qa.test.HomepageTest</td>
<td></td>
<td>0</td>
<td>com.qa.test.HomepageTest@56cbfb61</td></tr>
<tr>
<td title='com.qa.test.HomepageTest.pricingLinkTest()'><b>pricingLinkTest</b><br>Test class: com.qa.test.HomepageTest</td>
<td></td>
<td>0</td>
<td>com.qa.test.HomepageTest@56cbfb61</td></tr>
<tr>
<td title='com.qa.test.HomepageTest.signUpLinkTest()'><b>signUpLinkTest</b><br>Test class: com.qa.test.HomepageTest</td>
<td></td>
<td>0</td>
<td>com.qa.test.HomepageTest@56cbfb61</td></tr>
<tr>
<td title='com.qa.test.LoginTest.veriyLogin()'><b>veriyLogin</b><br>Test class: com.qa.test.LoginTest<br>Parameters: Vikash1717, vicky@123</td>
<td></td>
<td>0</td>
<td>com.qa.test.LoginTest@1d251891</td></tr>
<tr>
<td title='com.qa.test.LoginTest.veriyLogin()'><b>veriyLogin</b><br>Test class: com.qa.test.LoginTest<br>Parameters: vicky1818, vicky@123</td>
<td></td>
<td>0</td>
<td>com.qa.test.LoginTest@1d251891</td></tr>
<tr>
<td title='com.qa.test.LoginTest.veriyLogin()'><b>veriyLogin</b><br>Test class: com.qa.test.LoginTest<br>Parameters: vicky1818, vikash@123</td>
<td></td>
<td>0</td>
<td>com.qa.test.LoginTest@1d251891</td></tr>
</table><p>
</body>
</html>