<?xml version="1.0" encoding="UTF-8"?>
<!-- Generated by org.testng.reporters.JUnitXMLReporter -->
<testsuite hostname="DESKTOP-FGI3ROV" name="Surefire test" tests="9" failures="0" timestamp="20 Nov 2019 06:30:49 GMT" time="33.251" errors="0">
  <testcase name="@BeforeMethod setUp" time="0.0" classname="com.qa.test.HomepageTest">
    <failure type="org.openqa.selenium.SessionNotCreatedException" message="session not created
from chrome not reachable
  (Session info: chrome=78.0.3904.97)
Build info: version: &amp;apos;3.141.59&amp;apos;, revision: &amp;apos;e82be7d358&amp;apos;, time: &amp;apos;2018-11-14T08:17:03&amp;apos;
System info: host: &amp;apos;DESKTOP-FGI3ROV&amp;apos;, ip: &amp;apos;192.168.0.107&amp;apos;, os.name: &amp;apos;Windows 10&amp;apos;, os.arch: &amp;apos;amd64&amp;apos;, os.version: &amp;apos;10.0&amp;apos;, java.version: &amp;apos;1.8.0_221&amp;apos;
Driver info: driver.version: ChromeDriver
remote stacktrace: Backtrace:
	Ordinal0 [0x0022A903+1550595]
	Ordinal0 [0x001AA701+1025793]
	Ordinal0 [0x0012C58E+509326]
	Ordinal0 [0x001262C2+484034]
	Ordinal0 [0x0012699B+485787]
	Ordinal0 [0x00127B05+490245]
	Ordinal0 [0x00123A85+473733]
	Ordinal0 [0x0012D330+512816]
	Ordinal0 [0x000DB649+177737]
	Ordinal0 [0x000DA8ED+174317]
	Ordinal0 [0x000D8CDB+167131]
	Ordinal0 [0x000C144A+70730]
	Ordinal0 [0x000C24D0+74960]
	Ordinal0 [0x000C2469+74857]
	Ordinal0 [0x001C42C7+1131207]
	GetHandleVerifier [0x002C70FD+523789]
	GetHandleVerifier [0x002C6E90+523168]
	GetHandleVerifier [0x002CE1E7+552695]
	GetHandleVerifier [0x002C78FA+525834]
	Ordinal0 [0x001BB7FC+1095676]
	Ordinal0 [0x001C633B+1139515]
	Ordinal0 [0x001C64A3+1139875]
	Ordinal0 [0x001C5425+1135653]
	BaseThreadInitThunk [0x76076359+25]
	RtlGetAppContainerNamedObjectPath [0x77817B74+228]
	RtlGetAppContainerNamedObjectPath [0x77817B44+180]
	(No symbol) [0x00000000]
">
      <![CDATA[org.openqa.selenium.SessionNotCreatedException: session not created
from chrome not reachable
  (Session info: chrome=78.0.3904.97)
Build info: version: '3.141.59', revision: 'e82be7d358', time: '2018-11-14T08:17:03'
System info: host: 'DESKTOP-FGI3ROV', ip: '192.168.0.107', os.name: 'Windows 10', os.arch: 'amd64', os.version: '10.0', java.version: '1.8.0_221'
Driver info: driver.version: ChromeDriver
remote stacktrace: Backtrace:
	Ordinal0 [0x0022A903+1550595]
	Ordinal0 [0x001AA701+1025793]
	Ordinal0 [0x0012C58E+509326]
	Ordinal0 [0x001262C2+484034]
	Ordinal0 [0x0012699B+485787]
	Ordinal0 [0x00127B05+490245]
	Ordinal0 [0x00123A85+473733]
	Ordinal0 [0x0012D330+512816]
	Ordinal0 [0x000DB649+177737]
	Ordinal0 [0x000DA8ED+174317]
	Ordinal0 [0x000D8CDB+167131]
	Ordinal0 [0x000C144A+70730]
	Ordinal0 [0x000C24D0+74960]
	Ordinal0 [0x000C2469+74857]
	Ordinal0 [0x001C42C7+1131207]
	GetHandleVerifier [0x002C70FD+523789]
	GetHandleVerifier [0x002C6E90+523168]
	GetHandleVerifier [0x002CE1E7+552695]
	GetHandleVerifier [0x002C78FA+525834]
	Ordinal0 [0x001BB7FC+1095676]
	Ordinal0 [0x001C633B+1139515]
	Ordinal0 [0x001C64A3+1139875]
	Ordinal0 [0x001C5425+1135653]
	BaseThreadInitThunk [0x76076359+25]
	RtlGetAppContainerNamedObjectPath [0x77817B74+228]
	RtlGetAppContainerNamedObjectPath [0x77817B44+180]
	(No symbol) [0x00000000]

	at org.openqa.selenium.remote.W3CHandshakeResponse.lambda$errorHandler$0(W3CHandshakeResponse.java:62)
	at org.openqa.selenium.remote.HandshakeResponse.lambda$getResponseFunction$0(HandshakeResponse.java:30)
	at org.openqa.selenium.remote.ProtocolHandshake.lambda$createSession$0(ProtocolHandshake.java:126)
	at java.util.stream.ReferencePipeline$3$1.accept(ReferencePipeline.java:193)
	at java.util.Spliterators$ArraySpliterator.tryAdvance(Spliterators.java:958)
	at java.util.stream.ReferencePipeline.forEachWithCancel(ReferencePipeline.java:126)
	at java.util.stream.AbstractPipeline.copyIntoWithCancel(AbstractPipeline.java:499)
	at java.util.stream.AbstractPipeline.copyInto(AbstractPipeline.java:486)
	at java.util.stream.AbstractPipeline.wrapAndCopyInto(AbstractPipeline.java:472)
	at java.util.stream.FindOps$FindOp.evaluateSequential(FindOps.java:152)
	at java.util.stream.AbstractPipeline.evaluate(AbstractPipeline.java:234)
	at java.util.stream.ReferencePipeline.findFirst(ReferencePipeline.java:464)
	at org.openqa.selenium.remote.ProtocolHandshake.createSession(ProtocolHandshake.java:128)
	at org.openqa.selenium.remote.ProtocolHandshake.createSession(ProtocolHandshake.java:74)
	at org.openqa.selenium.remote.HttpCommandExecutor.execute(HttpCommandExecutor.java:136)
	at org.openqa.selenium.remote.service.DriverCommandExecutor.execute(DriverCommandExecutor.java:83)
	at org.openqa.selenium.remote.RemoteWebDriver.execute(RemoteWebDriver.java:552)
	at org.openqa.selenium.remote.RemoteWebDriver.startSession(RemoteWebDriver.java:213)
	at org.openqa.selenium.remote.RemoteWebDriver.<init>(RemoteWebDriver.java:131)
	at org.openqa.selenium.chrome.ChromeDriver.<init>(ChromeDriver.java:181)
	at org.openqa.selenium.chrome.ChromeDriver.<init>(ChromeDriver.java:168)
	at org.openqa.selenium.chrome.ChromeDriver.<init>(ChromeDriver.java:123)
	at com.qa.base.Base.browseInit(Base.java:38)
	at com.qa.test.HomepageTest.setUp(HomepageTest.java:32)
	at org.apache.maven.surefire.testng.TestNGExecutor.run(TestNGExecutor.java:115)
	at org.apache.maven.surefire.testng.TestNGDirectoryTestSuite.executeMulti(TestNGDirectoryTestSuite.java:205)
	at org.apache.maven.surefire.testng.TestNGDirectoryTestSuite.execute(TestNGDirectoryTestSuite.java:108)
	at org.apache.maven.surefire.testng.TestNGProvider.invoke(TestNGProvider.java:111)
	at org.apache.maven.surefire.booter.ForkedBooter.invokeProviderInSameClassLoader(ForkedBooter.java:203)
	at org.apache.maven.surefire.booter.ForkedBooter.runSuitesInProcess(ForkedBooter.java:155)
	at org.apache.maven.surefire.booter.ForkedBooter.main(ForkedBooter.java:103)
... Removed 27 stack frames]]>
    </failure>
  </testcase> <!-- @BeforeMethod setUp -->
  <testcase name="@AfterMethod tearDown" time="0.0" classname="com.qa.test.HomepageTest">
    <skipped/>
  </testcase> <!-- @AfterMethod tearDown -->
  <testcase name="@BeforeMethod setUp" time="0.0" classname="com.qa.test.HomepageTest">
    <skipped/>
  </testcase> <!-- @BeforeMethod setUp -->
  <testcase name="@AfterMethod tearDown" time="0.0" classname="com.qa.test.HomepageTest">
    <skipped/>
  </testcase> <!-- @AfterMethod tearDown -->
  <testcase name="@BeforeMethod setUp" time="0.0" classname="com.qa.test.HomepageTest">
    <skipped/>
  </testcase> <!-- @BeforeMethod setUp -->
  <testcase name="@AfterMethod tearDown" time="0.0" classname="com.qa.test.HomepageTest">
    <skipped/>
  </testcase> <!-- @AfterMethod tearDown -->
  <testcase name="@BeforeMethod setUp" time="0.0" classname="com.qa.test.HomepageTest">
    <skipped/>
  </testcase> <!-- @BeforeMethod setUp -->
  <testcase name="@AfterMethod tearDown" time="0.0" classname="com.qa.test.HomepageTest">
    <skipped/>
  </testcase> <!-- @AfterMethod tearDown -->
  <testcase name="@BeforeMethod setUp" time="0.0" classname="com.qa.test.HomepageTest">
    <skipped/>
  </testcase> <!-- @BeforeMethod setUp -->
  <testcase name="@AfterMethod tearDown" time="0.0" classname="com.qa.test.HomepageTest">
    <skipped/>
  </testcase> <!-- @AfterMethod tearDown -->
  <testcase name="@BeforeMethod setUp" time="0.0" classname="com.qa.test.HomepageTest">
    <skipped/>
  </testcase> <!-- @BeforeMethod setUp -->
  <testcase name="@AfterMethod tearDown" time="0.0" classname="com.qa.test.HomepageTest">
    <skipped/>
  </testcase> <!-- @AfterMethod tearDown -->
  <testcase name="@BeforeMethod setUp" time="0.0" classname="com.qa.test.LoginTest">
    <failure type="org.openqa.selenium.SessionNotCreatedException" message="session not created
from chrome not reachable
  (Session info: chrome=78.0.3904.97)
Build info: version: &amp;apos;3.141.59&amp;apos;, revision: &amp;apos;e82be7d358&amp;apos;, time: &amp;apos;2018-11-14T08:17:03&amp;apos;
System info: host: &amp;apos;DESKTOP-FGI3ROV&amp;apos;, ip: &amp;apos;192.168.0.107&amp;apos;, os.name: &amp;apos;Windows 10&amp;apos;, os.arch: &amp;apos;amd64&amp;apos;, os.version: &amp;apos;10.0&amp;apos;, java.version: &amp;apos;1.8.0_221&amp;apos;
Driver info: driver.version: ChromeDriver
remote stacktrace: Backtrace:
	Ordinal0 [0x0022A903+1550595]
	Ordinal0 [0x001AA701+1025793]
	Ordinal0 [0x0012C58E+509326]
	Ordinal0 [0x001262C2+484034]
	Ordinal0 [0x0012699B+485787]
	Ordinal0 [0x00127B05+490245]
	Ordinal0 [0x00123A85+473733]
	Ordinal0 [0x0012D330+512816]
	Ordinal0 [0x000DB649+177737]
	Ordinal0 [0x000DA8ED+174317]
	Ordinal0 [0x000D8CDB+167131]
	Ordinal0 [0x000C144A+70730]
	Ordinal0 [0x000C24D0+74960]
	Ordinal0 [0x000C2469+74857]
	Ordinal0 [0x001C42C7+1131207]
	GetHandleVerifier [0x002C70FD+523789]
	GetHandleVerifier [0x002C6E90+523168]
	GetHandleVerifier [0x002CE1E7+552695]
	GetHandleVerifier [0x002C78FA+525834]
	Ordinal0 [0x001BB7FC+1095676]
	Ordinal0 [0x001C633B+1139515]
	Ordinal0 [0x001C64A3+1139875]
	Ordinal0 [0x001C5425+1135653]
	BaseThreadInitThunk [0x76076359+25]
	RtlGetAppContainerNamedObjectPath [0x77817B74+228]
	RtlGetAppContainerNamedObjectPath [0x77817B44+180]
	(No symbol) [0x00000000]
">
      <![CDATA[org.openqa.selenium.SessionNotCreatedException: session not created
from chrome not reachable
  (Session info: chrome=78.0.3904.97)
Build info: version: '3.141.59', revision: 'e82be7d358', time: '2018-11-14T08:17:03'
System info: host: 'DESKTOP-FGI3ROV', ip: '192.168.0.107', os.name: 'Windows 10', os.arch: 'amd64', os.version: '10.0', java.version: '1.8.0_221'
Driver info: driver.version: ChromeDriver
remote stacktrace: Backtrace:
	Ordinal0 [0x0022A903+1550595]
	Ordinal0 [0x001AA701+1025793]
	Ordinal0 [0x0012C58E+509326]
	Ordinal0 [0x001262C2+484034]
	Ordinal0 [0x0012699B+485787]
	Ordinal0 [0x00127B05+490245]
	Ordinal0 [0x00123A85+473733]
	Ordinal0 [0x0012D330+512816]
	Ordinal0 [0x000DB649+177737]
	Ordinal0 [0x000DA8ED+174317]
	Ordinal0 [0x000D8CDB+167131]
	Ordinal0 [0x000C144A+70730]
	Ordinal0 [0x000C24D0+74960]
	Ordinal0 [0x000C2469+74857]
	Ordinal0 [0x001C42C7+1131207]
	GetHandleVerifier [0x002C70FD+523789]
	GetHandleVerifier [0x002C6E90+523168]
	GetHandleVerifier [0x002CE1E7+552695]
	GetHandleVerifier [0x002C78FA+525834]
	Ordinal0 [0x001BB7FC+1095676]
	Ordinal0 [0x001C633B+1139515]
	Ordinal0 [0x001C64A3+1139875]
	Ordinal0 [0x001C5425+1135653]
	BaseThreadInitThunk [0x76076359+25]
	RtlGetAppContainerNamedObjectPath [0x77817B74+228]
	RtlGetAppContainerNamedObjectPath [0x77817B44+180]
	(No symbol) [0x00000000]

	at org.openqa.selenium.remote.W3CHandshakeResponse.lambda$errorHandler$0(W3CHandshakeResponse.java:62)
	at org.openqa.selenium.remote.HandshakeResponse.lambda$getResponseFunction$0(HandshakeResponse.java:30)
	at org.openqa.selenium.remote.ProtocolHandshake.lambda$createSession$0(ProtocolHandshake.java:126)
	at java.util.stream.ReferencePipeline$3$1.accept(ReferencePipeline.java:193)
	at java.util.Spliterators$ArraySpliterator.tryAdvance(Spliterators.java:958)
	at java.util.stream.ReferencePipeline.forEachWithCancel(ReferencePipeline.java:126)
	at java.util.stream.AbstractPipeline.copyIntoWithCancel(AbstractPipeline.java:499)
	at java.util.stream.AbstractPipeline.copyInto(AbstractPipeline.java:486)
	at java.util.stream.AbstractPipeline.wrapAndCopyInto(AbstractPipeline.java:472)
	at java.util.stream.FindOps$FindOp.evaluateSequential(FindOps.java:152)
	at java.util.stream.AbstractPipeline.evaluate(AbstractPipeline.java:234)
	at java.util.stream.ReferencePipeline.findFirst(ReferencePipeline.java:464)
	at org.openqa.selenium.remote.ProtocolHandshake.createSession(ProtocolHandshake.java:128)
	at org.openqa.selenium.remote.ProtocolHandshake.createSession(ProtocolHandshake.java:74)
	at org.openqa.selenium.remote.HttpCommandExecutor.execute(HttpCommandExecutor.java:136)
	at org.openqa.selenium.remote.service.DriverCommandExecutor.execute(DriverCommandExecutor.java:83)
	at org.openqa.selenium.remote.RemoteWebDriver.execute(RemoteWebDriver.java:552)
	at org.openqa.selenium.remote.RemoteWebDriver.startSession(RemoteWebDriver.java:213)
	at org.openqa.selenium.remote.RemoteWebDriver.<init>(RemoteWebDriver.java:131)
	at org.openqa.selenium.chrome.ChromeDriver.<init>(ChromeDriver.java:181)
	at org.openqa.selenium.chrome.ChromeDriver.<init>(ChromeDriver.java:168)
	at org.openqa.selenium.chrome.ChromeDriver.<init>(ChromeDriver.java:123)
	at com.qa.base.Base.browseInit(Base.java:38)
	at com.qa.test.LoginTest.setUp(LoginTest.java:60)
	at org.apache.maven.surefire.testng.TestNGExecutor.run(TestNGExecutor.java:115)
	at org.apache.maven.surefire.testng.TestNGDirectoryTestSuite.executeMulti(TestNGDirectoryTestSuite.java:205)
	at org.apache.maven.surefire.testng.TestNGDirectoryTestSuite.execute(TestNGDirectoryTestSuite.java:108)
	at org.apache.maven.surefire.testng.TestNGProvider.invoke(TestNGProvider.java:111)
	at org.apache.maven.surefire.booter.ForkedBooter.invokeProviderInSameClassLoader(ForkedBooter.java:203)
	at org.apache.maven.surefire.booter.ForkedBooter.runSuitesInProcess(ForkedBooter.java:155)
	at org.apache.maven.surefire.booter.ForkedBooter.main(ForkedBooter.java:103)
... Removed 27 stack frames]]>
    </failure>
  </testcase> <!-- @BeforeMethod setUp -->
  <testcase name="@AfterMethod tearDown" time="0.0" classname="com.qa.test.LoginTest">
    <skipped/>
  </testcase> <!-- @AfterMethod tearDown -->
  <testcase name="@BeforeMethod setUp" time="0.0" classname="com.qa.test.LoginTest">
    <skipped/>
  </testcase> <!-- @BeforeMethod setUp -->
  <testcase name="@AfterMethod tearDown" time="0.027" classname="com.qa.test.LoginTest">
    <skipped/>
  </testcase> <!-- @AfterMethod tearDown -->
  <testcase name="@BeforeMethod setUp" time="0.0" classname="com.qa.test.LoginTest">
    <skipped/>
  </testcase> <!-- @BeforeMethod setUp -->
  <testcase name="@AfterMethod tearDown" time="0.0" classname="com.qa.test.LoginTest">
    <skipped/>
  </testcase> <!-- @AfterMethod tearDown -->
  <testcase name="signUpLinkTest" time="0.004" classname="com.qa.test.HomepageTest">
    <skipped/>
  </testcase> <!-- signUpLinkTest -->
  <testcase name="contactLinkTest" time="0.002" classname="com.qa.test.HomepageTest">
    <skipped/>
  </testcase> <!-- contactLinkTest -->
  <testcase name="customersLinkTest" time="0.0" classname="com.qa.test.HomepageTest">
    <skipped/>
  </testcase> <!-- customersLinkTest -->
  <testcase name="pricingLinkTest" time="0.0" classname="com.qa.test.HomepageTest">
    <skipped/>
  </testcase> <!-- pricingLinkTest -->
  <testcase name="featuresLinkTest" time="0.0" classname="com.qa.test.HomepageTest">
    <skipped/>
  </testcase> <!-- featuresLinkTest -->
  <testcase name="crmLogoTest" time="0.0" classname="com.qa.test.HomepageTest">
    <skipped/>
  </testcase> <!-- crmLogoTest -->
  <testcase name="veriyLogin" time="0.002" classname="com.qa.test.LoginTest">
    <skipped/>
  </testcase> <!-- veriyLogin -->
  <testcase name="veriyLogin" time="0.0" classname="com.qa.test.LoginTest">
    <skipped/>
  </testcase> <!-- veriyLogin -->
  <testcase name="veriyLogin" time="0.0" classname="com.qa.test.LoginTest">
    <skipped/>
  </testcase> <!-- veriyLogin -->
</testsuite> <!-- Surefire test -->
