<?xml version="1.0" encoding="UTF-8"?>
<testng-results skipped="9" failed="0" total="9" passed="0">
  <reporter-output>
  </reporter-output>
  <suite name="Surefire suite" duration-ms="33251" started-at="2019-11-20T06:30:15Z" finished-at="2019-11-20T06:30:49Z">
    <groups>
    </groups>
    <test name="Surefire test" duration-ms="33251" started-at="2019-11-20T06:30:15Z" finished-at="2019-11-20T06:30:49Z">
      <class name="com.qa.test.HomepageTest">
        <test-method status="FAIL" signature="setUp()[pri:0, instance:com.qa.test.HomepageTest@56cbfb61]" name="setUp" is-config="true" duration-ms="0" started-at="2019-11-20T12:00:15Z" finished-at="2019-11-20T12:00:15Z">
          <exception class="org.openqa.selenium.SessionNotCreatedException">
            <message>
              <![CDATA[session not created
from chrome not reachable
  (Session info: chrome=78.0.3904.97)
Build info: version: '3.141.59', revision: 'e82be7d358', time: '2018-11-14T08:17:03'
System info: host: 'DESKTOP-FGI3ROV', ip: '192.168.0.107', os.name: 'Windows 10', os.arch: 'amd64', os.version: '10.0', java.version: '1.8.0_221'
Driver info: driver.version: ChromeDriver
remote stacktrace: Backtrace:
	Ordinal0 [0x0022A903+1550595]
	Ordinal0 [0x001AA701+1025793]
	Ordinal0 [0x0012C58E+509326]
	Ordinal0 [0x001262C2+484034]
	Ordinal0 [0x0012699B+485787]
	Ordinal0 [0x00127B05+490245]
	Ordinal0 [0x00123A85+473733]
	Ordinal0 [0x0012D330+512816]
	Ordinal0 [0x000DB649+177737]
	Ordinal0 [0x000DA8ED+174317]
	Ordinal0 [0x000D8CDB+167131]
	Ordinal0 [0x000C144A+70730]
	Ordinal0 [0x000C24D0+74960]
	Ordinal0 [0x000C2469+74857]
	Ordinal0 [0x001C42C7+1131207]
	GetHandleVerifier [0x002C70FD+523789]
	GetHandleVerifier [0x002C6E90+523168]
	GetHandleVerifier [0x002CE1E7+552695]
	GetHandleVerifier [0x002C78FA+525834]
	Ordinal0 [0x001BB7FC+1095676]
	Ordinal0 [0x001C633B+1139515]
	Ordinal0 [0x001C64A3+1139875]
	Ordinal0 [0x001C5425+1135653]
	BaseThreadInitThunk [0x76076359+25]
	RtlGetAppContainerNamedObjectPath [0x77817B74+228]
	RtlGetAppContainerNamedObjectPath [0x77817B44+180]
	(No symbol) [0x00000000]
]]>
            </message>
            <full-stacktrace>
              <![CDATA[org.openqa.selenium.SessionNotCreatedException: session not created
from chrome not reachable
  (Session info: chrome=78.0.3904.97)
Build info: version: '3.141.59', revision: 'e82be7d358', time: '2018-11-14T08:17:03'
System info: host: 'DESKTOP-FGI3ROV', ip: '192.168.0.107', os.name: 'Windows 10', os.arch: 'amd64', os.version: '10.0', java.version: '1.8.0_221'
Driver info: driver.version: ChromeDriver
remote stacktrace: Backtrace:
	Ordinal0 [0x0022A903+1550595]
	Ordinal0 [0x001AA701+1025793]
	Ordinal0 [0x0012C58E+509326]
	Ordinal0 [0x001262C2+484034]
	Ordinal0 [0x0012699B+485787]
	Ordinal0 [0x00127B05+490245]
	Ordinal0 [0x00123A85+473733]
	Ordinal0 [0x0012D330+512816]
	Ordinal0 [0x000DB649+177737]
	Ordinal0 [0x000DA8ED+174317]
	Ordinal0 [0x000D8CDB+167131]
	Ordinal0 [0x000C144A+70730]
	Ordinal0 [0x000C24D0+74960]
	Ordinal0 [0x000C2469+74857]
	Ordinal0 [0x001C42C7+1131207]
	GetHandleVerifier [0x002C70FD+523789]
	GetHandleVerifier [0x002C6E90+523168]
	GetHandleVerifier [0x002CE1E7+552695]
	GetHandleVerifier [0x002C78FA+525834]
	Ordinal0 [0x001BB7FC+1095676]
	Ordinal0 [0x001C633B+1139515]
	Ordinal0 [0x001C64A3+1139875]
	Ordinal0 [0x001C5425+1135653]
	BaseThreadInitThunk [0x76076359+25]
	RtlGetAppContainerNamedObjectPath [0x77817B74+228]
	RtlGetAppContainerNamedObjectPath [0x77817B44+180]
	(No symbol) [0x00000000]

	at sun.reflect.NativeConstructorAccessorImpl.newInstance0(Native Method)
	at sun.reflect.NativeConstructorAccessorImpl.newInstance(NativeConstructorAccessorImpl.java:62)
	at sun.reflect.DelegatingConstructorAccessorImpl.newInstance(DelegatingConstructorAccessorImpl.java:45)
	at java.lang.reflect.Constructor.newInstance(Constructor.java:423)
	at org.openqa.selenium.remote.W3CHandshakeResponse.lambda$errorHandler$0(W3CHandshakeResponse.java:62)
	at org.openqa.selenium.remote.HandshakeResponse.lambda$getResponseFunction$0(HandshakeResponse.java:30)
	at org.openqa.selenium.remote.ProtocolHandshake.lambda$createSession$0(ProtocolHandshake.java:126)
	at java.util.stream.ReferencePipeline$3$1.accept(ReferencePipeline.java:193)
	at java.util.Spliterators$ArraySpliterator.tryAdvance(Spliterators.java:958)
	at java.util.stream.ReferencePipeline.forEachWithCancel(ReferencePipeline.java:126)
	at java.util.stream.AbstractPipeline.copyIntoWithCancel(AbstractPipeline.java:499)
	at java.util.stream.AbstractPipeline.copyInto(AbstractPipeline.java:486)
	at java.util.stream.AbstractPipeline.wrapAndCopyInto(AbstractPipeline.java:472)
	at java.util.stream.FindOps$FindOp.evaluateSequential(FindOps.java:152)
	at java.util.stream.AbstractPipeline.evaluate(AbstractPipeline.java:234)
	at java.util.stream.ReferencePipeline.findFirst(ReferencePipeline.java:464)
	at org.openqa.selenium.remote.ProtocolHandshake.createSession(ProtocolHandshake.java:128)
	at org.openqa.selenium.remote.ProtocolHandshake.createSession(ProtocolHandshake.java:74)
	at org.openqa.selenium.remote.HttpCommandExecutor.execute(HttpCommandExecutor.java:136)
	at org.openqa.selenium.remote.service.DriverCommandExecutor.execute(DriverCommandExecutor.java:83)
	at org.openqa.selenium.remote.RemoteWebDriver.execute(RemoteWebDriver.java:552)
	at org.openqa.selenium.remote.RemoteWebDriver.startSession(RemoteWebDriver.java:213)
	at org.openqa.selenium.remote.RemoteWebDriver.<init>(RemoteWebDriver.java:131)
	at org.openqa.selenium.chrome.ChromeDriver.<init>(ChromeDriver.java:181)
	at org.openqa.selenium.chrome.ChromeDriver.<init>(ChromeDriver.java:168)
	at org.openqa.selenium.chrome.ChromeDriver.<init>(ChromeDriver.java:123)
	at com.qa.base.Base.browseInit(Base.java:38)
	at com.qa.test.HomepageTest.setUp(HomepageTest.java:32)
	at sun.reflect.NativeMethodAccessorImpl.invoke0(Native Method)
	at sun.reflect.NativeMethodAccessorImpl.invoke(NativeMethodAccessorImpl.java:62)
	at sun.reflect.DelegatingMethodAccessorImpl.invoke(DelegatingMethodAccessorImpl.java:43)
	at java.lang.reflect.Method.invoke(Method.java:498)
	at org.testng.internal.MethodInvocationHelper.invokeMethod(MethodInvocationHelper.java:80)
	at org.testng.internal.Invoker.invokeConfigurationMethod(Invoker.java:564)
	at org.testng.internal.Invoker.invokeConfigurations(Invoker.java:213)
	at org.testng.internal.Invoker.invokeMethod(Invoker.java:653)
	at org.testng.internal.Invoker.invokeTestMethod(Invoker.java:901)
	at org.testng.internal.Invoker.invokeTestMethods(Invoker.java:1231)
	at org.testng.internal.TestMethodWorker.invokeTestMethods(TestMethodWorker.java:127)
	at org.testng.internal.TestMethodWorker.run(TestMethodWorker.java:111)
	at org.testng.TestRunner.privateRun(TestRunner.java:767)
	at org.testng.TestRunner.run(TestRunner.java:617)
	at org.testng.SuiteRunner.runTest(SuiteRunner.java:334)
	at org.testng.SuiteRunner.runSequentially(SuiteRunner.java:329)
	at org.testng.SuiteRunner.privateRun(SuiteRunner.java:291)
	at org.testng.SuiteRunner.run(SuiteRunner.java:240)
	at org.testng.SuiteRunnerWorker.runSuite(SuiteRunnerWorker.java:52)
	at org.testng.SuiteRunnerWorker.run(SuiteRunnerWorker.java:86)
	at org.testng.TestNG.runSuitesSequentially(TestNG.java:1198)
	at org.testng.TestNG.runSuitesLocally(TestNG.java:1123)
	at org.testng.TestNG.run(TestNG.java:1031)
	at org.apache.maven.surefire.testng.TestNGExecutor.run(TestNGExecutor.java:115)
	at org.apache.maven.surefire.testng.TestNGDirectoryTestSuite.executeMulti(TestNGDirectoryTestSuite.java:205)
	at org.apache.maven.surefire.testng.TestNGDirectoryTestSuite.execute(TestNGDirectoryTestSuite.java:108)
	at org.apache.maven.surefire.testng.TestNGProvider.invoke(TestNGProvider.java:111)
	at org.apache.maven.surefire.booter.ForkedBooter.invokeProviderInSameClassLoader(ForkedBooter.java:203)
	at org.apache.maven.surefire.booter.ForkedBooter.runSuitesInProcess(ForkedBooter.java:155)
	at org.apache.maven.surefire.booter.ForkedBooter.main(ForkedBooter.java:103)
]]>
            </full-stacktrace>
          </exception> <!-- org.openqa.selenium.SessionNotCreatedException -->
          <reporter-output>
          </reporter-output>
        </test-method> <!-- setUp -->
        <test-method status="SKIP" signature="signUpLinkTest()[pri:0, instance:com.qa.test.HomepageTest@56cbfb61]" name="signUpLinkTest" duration-ms="4" started-at="2019-11-20T12:00:33Z" finished-at="2019-11-20T12:00:33Z">
          <reporter-output>
          </reporter-output>
        </test-method> <!-- signUpLinkTest -->
        <test-method status="SKIP" signature="setUp()[pri:0, instance:com.qa.test.HomepageTest@56cbfb61]" name="setUp" is-config="true" duration-ms="0" started-at="2019-11-20T12:00:33Z" finished-at="2019-11-20T12:00:33Z">
          <reporter-output>
          </reporter-output>
        </test-method> <!-- setUp -->
        <test-method status="SKIP" signature="tearDown(org.testng.ITestResult)[pri:0, instance:com.qa.test.HomepageTest@56cbfb61]" name="tearDown" is-config="true" duration-ms="0" started-at="2019-11-20T12:00:33Z" finished-at="2019-11-20T12:00:33Z">
          <reporter-output>
          </reporter-output>
        </test-method> <!-- tearDown -->
        <test-method status="SKIP" signature="contactLinkTest()[pri:0, instance:com.qa.test.HomepageTest@56cbfb61]" name="contactLinkTest" duration-ms="2" started-at="2019-11-20T12:00:33Z" finished-at="2019-11-20T12:00:33Z">
          <reporter-output>
          </reporter-output>
        </test-method> <!-- contactLinkTest -->
        <test-method status="SKIP" signature="tearDown(org.testng.ITestResult)[pri:0, instance:com.qa.test.HomepageTest@56cbfb61]" name="tearDown" is-config="true" duration-ms="0" started-at="2019-11-20T12:00:33Z" finished-at="2019-11-20T12:00:33Z">
          <reporter-output>
          </reporter-output>
        </test-method> <!-- tearDown -->
        <test-method status="SKIP" signature="setUp()[pri:0, instance:com.qa.test.HomepageTest@56cbfb61]" name="setUp" is-config="true" duration-ms="0" started-at="2019-11-20T12:00:33Z" finished-at="2019-11-20T12:00:33Z">
          <reporter-output>
          </reporter-output>
        </test-method> <!-- setUp -->
        <test-method status="SKIP" signature="customersLinkTest()[pri:0, instance:com.qa.test.HomepageTest@56cbfb61]" name="customersLinkTest" duration-ms="0" started-at="2019-11-20T12:00:33Z" finished-at="2019-11-20T12:00:33Z">
          <reporter-output>
          </reporter-output>
        </test-method> <!-- customersLinkTest -->
        <test-method status="SKIP" signature="featuresLinkTest()[pri:0, instance:com.qa.test.HomepageTest@56cbfb61]" name="featuresLinkTest" duration-ms="0" started-at="2019-11-20T12:00:33Z" finished-at="2019-11-20T12:00:33Z">
          <reporter-output>
          </reporter-output>
        </test-method> <!-- featuresLinkTest -->
        <test-method status="SKIP" signature="pricingLinkTest()[pri:0, instance:com.qa.test.HomepageTest@56cbfb61]" name="pricingLinkTest" duration-ms="0" started-at="2019-11-20T12:00:33Z" finished-at="2019-11-20T12:00:33Z">
          <reporter-output>
          </reporter-output>
        </test-method> <!-- pricingLinkTest -->
        <test-method status="SKIP" signature="tearDown(org.testng.ITestResult)[pri:0, instance:com.qa.test.HomepageTest@56cbfb61]" name="tearDown" is-config="true" duration-ms="0" started-at="2019-11-20T12:00:33Z" finished-at="2019-11-20T12:00:33Z">
          <reporter-output>
          </reporter-output>
        </test-method> <!-- tearDown -->
        <test-method status="SKIP" signature="setUp()[pri:0, instance:com.qa.test.HomepageTest@56cbfb61]" name="setUp" is-config="true" duration-ms="0" started-at="2019-11-20T12:00:33Z" finished-at="2019-11-20T12:00:33Z">
          <reporter-output>
          </reporter-output>
        </test-method> <!-- setUp -->
        <test-method status="SKIP" signature="tearDown(org.testng.ITestResult)[pri:0, instance:com.qa.test.HomepageTest@56cbfb61]" name="tearDown" is-config="true" duration-ms="0" started-at="2019-11-20T12:00:33Z" finished-at="2019-11-20T12:00:33Z">
          <reporter-output>
          </reporter-output>
        </test-method> <!-- tearDown -->
        <test-method status="SKIP" signature="setUp()[pri:0, instance:com.qa.test.HomepageTest@56cbfb61]" name="setUp" is-config="true" duration-ms="0" started-at="2019-11-20T12:00:33Z" finished-at="2019-11-20T12:00:33Z">
          <reporter-output>
          </reporter-output>
        </test-method> <!-- setUp -->
        <test-method status="SKIP" signature="tearDown(org.testng.ITestResult)[pri:0, instance:com.qa.test.HomepageTest@56cbfb61]" name="tearDown" is-config="true" duration-ms="0" started-at="2019-11-20T12:00:33Z" finished-at="2019-11-20T12:00:33Z">
          <reporter-output>
          </reporter-output>
        </test-method> <!-- tearDown -->
        <test-method status="SKIP" signature="tearDown(org.testng.ITestResult)[pri:0, instance:com.qa.test.HomepageTest@56cbfb61]" name="tearDown" is-config="true" duration-ms="0" started-at="2019-11-20T12:00:33Z" finished-at="2019-11-20T12:00:33Z">
          <reporter-output>
          </reporter-output>
        </test-method> <!-- tearDown -->
        <test-method status="SKIP" signature="crmLogoTest()[pri:0, instance:com.qa.test.HomepageTest@56cbfb61]" name="crmLogoTest" duration-ms="0" started-at="2019-11-20T12:00:33Z" finished-at="2019-11-20T12:00:33Z">
          <reporter-output>
          </reporter-output>
        </test-method> <!-- crmLogoTest -->
        <test-method status="SKIP" signature="setUp()[pri:0, instance:com.qa.test.HomepageTest@56cbfb61]" name="setUp" is-config="true" duration-ms="0" started-at="2019-11-20T12:00:33Z" finished-at="2019-11-20T12:00:33Z">
          <reporter-output>
          </reporter-output>
        </test-method> <!-- setUp -->
      </class> <!-- com.qa.test.HomepageTest -->
      <class name="com.qa.test.LoginTest">
        <test-method status="FAIL" signature="setUp()[pri:0, instance:com.qa.test.LoginTest@1d251891]" name="setUp" is-config="true" duration-ms="0" started-at="2019-11-20T12:00:33Z" finished-at="2019-11-20T12:00:33Z">
          <exception class="org.openqa.selenium.SessionNotCreatedException">
            <message>
              <![CDATA[session not created
from chrome not reachable
  (Session info: chrome=78.0.3904.97)
Build info: version: '3.141.59', revision: 'e82be7d358', time: '2018-11-14T08:17:03'
System info: host: 'DESKTOP-FGI3ROV', ip: '192.168.0.107', os.name: 'Windows 10', os.arch: 'amd64', os.version: '10.0', java.version: '1.8.0_221'
Driver info: driver.version: ChromeDriver
remote stacktrace: Backtrace:
	Ordinal0 [0x0022A903+1550595]
	Ordinal0 [0x001AA701+1025793]
	Ordinal0 [0x0012C58E+509326]
	Ordinal0 [0x001262C2+484034]
	Ordinal0 [0x0012699B+485787]
	Ordinal0 [0x00127B05+490245]
	Ordinal0 [0x00123A85+473733]
	Ordinal0 [0x0012D330+512816]
	Ordinal0 [0x000DB649+177737]
	Ordinal0 [0x000DA8ED+174317]
	Ordinal0 [0x000D8CDB+167131]
	Ordinal0 [0x000C144A+70730]
	Ordinal0 [0x000C24D0+74960]
	Ordinal0 [0x000C2469+74857]
	Ordinal0 [0x001C42C7+1131207]
	GetHandleVerifier [0x002C70FD+523789]
	GetHandleVerifier [0x002C6E90+523168]
	GetHandleVerifier [0x002CE1E7+552695]
	GetHandleVerifier [0x002C78FA+525834]
	Ordinal0 [0x001BB7FC+1095676]
	Ordinal0 [0x001C633B+1139515]
	Ordinal0 [0x001C64A3+1139875]
	Ordinal0 [0x001C5425+1135653]
	BaseThreadInitThunk [0x76076359+25]
	RtlGetAppContainerNamedObjectPath [0x77817B74+228]
	RtlGetAppContainerNamedObjectPath [0x77817B44+180]
	(No symbol) [0x00000000]
]]>
            </message>
            <full-stacktrace>
              <![CDATA[org.openqa.selenium.SessionNotCreatedException: session not created
from chrome not reachable
  (Session info: chrome=78.0.3904.97)
Build info: version: '3.141.59', revision: 'e82be7d358', time: '2018-11-14T08:17:03'
System info: host: 'DESKTOP-FGI3ROV', ip: '192.168.0.107', os.name: 'Windows 10', os.arch: 'amd64', os.version: '10.0', java.version: '1.8.0_221'
Driver info: driver.version: ChromeDriver
remote stacktrace: Backtrace:
	Ordinal0 [0x0022A903+1550595]
	Ordinal0 [0x001AA701+1025793]
	Ordinal0 [0x0012C58E+509326]
	Ordinal0 [0x001262C2+484034]
	Ordinal0 [0x0012699B+485787]
	Ordinal0 [0x00127B05+490245]
	Ordinal0 [0x00123A85+473733]
	Ordinal0 [0x0012D330+512816]
	Ordinal0 [0x000DB649+177737]
	Ordinal0 [0x000DA8ED+174317]
	Ordinal0 [0x000D8CDB+167131]
	Ordinal0 [0x000C144A+70730]
	Ordinal0 [0x000C24D0+74960]
	Ordinal0 [0x000C2469+74857]
	Ordinal0 [0x001C42C7+1131207]
	GetHandleVerifier [0x002C70FD+523789]
	GetHandleVerifier [0x002C6E90+523168]
	GetHandleVerifier [0x002CE1E7+552695]
	GetHandleVerifier [0x002C78FA+525834]
	Ordinal0 [0x001BB7FC+1095676]
	Ordinal0 [0x001C633B+1139515]
	Ordinal0 [0x001C64A3+1139875]
	Ordinal0 [0x001C5425+1135653]
	BaseThreadInitThunk [0x76076359+25]
	RtlGetAppContainerNamedObjectPath [0x77817B74+228]
	RtlGetAppContainerNamedObjectPath [0x77817B44+180]
	(No symbol) [0x00000000]

	at sun.reflect.NativeConstructorAccessorImpl.newInstance0(Native Method)
	at sun.reflect.NativeConstructorAccessorImpl.newInstance(NativeConstructorAccessorImpl.java:62)
	at sun.reflect.DelegatingConstructorAccessorImpl.newInstance(DelegatingConstructorAccessorImpl.java:45)
	at java.lang.reflect.Constructor.newInstance(Constructor.java:423)
	at org.openqa.selenium.remote.W3CHandshakeResponse.lambda$errorHandler$0(W3CHandshakeResponse.java:62)
	at org.openqa.selenium.remote.HandshakeResponse.lambda$getResponseFunction$0(HandshakeResponse.java:30)
	at org.openqa.selenium.remote.ProtocolHandshake.lambda$createSession$0(ProtocolHandshake.java:126)
	at java.util.stream.ReferencePipeline$3$1.accept(ReferencePipeline.java:193)
	at java.util.Spliterators$ArraySpliterator.tryAdvance(Spliterators.java:958)
	at java.util.stream.ReferencePipeline.forEachWithCancel(ReferencePipeline.java:126)
	at java.util.stream.AbstractPipeline.copyIntoWithCancel(AbstractPipeline.java:499)
	at java.util.stream.AbstractPipeline.copyInto(AbstractPipeline.java:486)
	at java.util.stream.AbstractPipeline.wrapAndCopyInto(AbstractPipeline.java:472)
	at java.util.stream.FindOps$FindOp.evaluateSequential(FindOps.java:152)
	at java.util.stream.AbstractPipeline.evaluate(AbstractPipeline.java:234)
	at java.util.stream.ReferencePipeline.findFirst(ReferencePipeline.java:464)
	at org.openqa.selenium.remote.ProtocolHandshake.createSession(ProtocolHandshake.java:128)
	at org.openqa.selenium.remote.ProtocolHandshake.createSession(ProtocolHandshake.java:74)
	at org.openqa.selenium.remote.HttpCommandExecutor.execute(HttpCommandExecutor.java:136)
	at org.openqa.selenium.remote.service.DriverCommandExecutor.execute(DriverCommandExecutor.java:83)
	at org.openqa.selenium.remote.RemoteWebDriver.execute(RemoteWebDriver.java:552)
	at org.openqa.selenium.remote.RemoteWebDriver.startSession(RemoteWebDriver.java:213)
	at org.openqa.selenium.remote.RemoteWebDriver.<init>(RemoteWebDriver.java:131)
	at org.openqa.selenium.chrome.ChromeDriver.<init>(ChromeDriver.java:181)
	at org.openqa.selenium.chrome.ChromeDriver.<init>(ChromeDriver.java:168)
	at org.openqa.selenium.chrome.ChromeDriver.<init>(ChromeDriver.java:123)
	at com.qa.base.Base.browseInit(Base.java:38)
	at com.qa.test.LoginTest.setUp(LoginTest.java:60)
	at sun.reflect.NativeMethodAccessorImpl.invoke0(Native Method)
	at sun.reflect.NativeMethodAccessorImpl.invoke(NativeMethodAccessorImpl.java:62)
	at sun.reflect.DelegatingMethodAccessorImpl.invoke(DelegatingMethodAccessorImpl.java:43)
	at java.lang.reflect.Method.invoke(Method.java:498)
	at org.testng.internal.MethodInvocationHelper.invokeMethod(MethodInvocationHelper.java:80)
	at org.testng.internal.Invoker.invokeConfigurationMethod(Invoker.java:564)
	at org.testng.internal.Invoker.invokeConfigurations(Invoker.java:213)
	at org.testng.internal.Invoker.invokeMethod(Invoker.java:653)
	at org.testng.internal.Invoker.invokeTestMethod(Invoker.java:901)
	at org.testng.internal.Invoker.invokeTestMethods(Invoker.java:1231)
	at org.testng.internal.TestMethodWorker.invokeTestMethods(TestMethodWorker.java:127)
	at org.testng.internal.TestMethodWorker.run(TestMethodWorker.java:111)
	at org.testng.TestRunner.privateRun(TestRunner.java:767)
	at org.testng.TestRunner.run(TestRunner.java:617)
	at org.testng.SuiteRunner.runTest(SuiteRunner.java:334)
	at org.testng.SuiteRunner.runSequentially(SuiteRunner.java:329)
	at org.testng.SuiteRunner.privateRun(SuiteRunner.java:291)
	at org.testng.SuiteRunner.run(SuiteRunner.java:240)
	at org.testng.SuiteRunnerWorker.runSuite(SuiteRunnerWorker.java:52)
	at org.testng.SuiteRunnerWorker.run(SuiteRunnerWorker.java:86)
	at org.testng.TestNG.runSuitesSequentially(TestNG.java:1198)
	at org.testng.TestNG.runSuitesLocally(TestNG.java:1123)
	at org.testng.TestNG.run(TestNG.java:1031)
	at org.apache.maven.surefire.testng.TestNGExecutor.run(TestNGExecutor.java:115)
	at org.apache.maven.surefire.testng.TestNGDirectoryTestSuite.executeMulti(TestNGDirectoryTestSuite.java:205)
	at org.apache.maven.surefire.testng.TestNGDirectoryTestSuite.execute(TestNGDirectoryTestSuite.java:108)
	at org.apache.maven.surefire.testng.TestNGProvider.invoke(TestNGProvider.java:111)
	at org.apache.maven.surefire.booter.ForkedBooter.invokeProviderInSameClassLoader(ForkedBooter.java:203)
	at org.apache.maven.surefire.booter.ForkedBooter.runSuitesInProcess(ForkedBooter.java:155)
	at org.apache.maven.surefire.booter.ForkedBooter.main(ForkedBooter.java:103)
]]>
            </full-stacktrace>
          </exception> <!-- org.openqa.selenium.SessionNotCreatedException -->
          <reporter-output>
          </reporter-output>
        </test-method> <!-- setUp -->
        <test-method status="SKIP" signature="veriyLogin(java.lang.String, java.lang.String)[pri:0, instance:com.qa.test.LoginTest@1d251891]" name="veriyLogin" duration-ms="2" started-at="2019-11-20T12:00:49Z" data-provider="getData" finished-at="2019-11-20T12:00:49Z">
          <params>
            <param index="0">
              <value>
                <![CDATA[Vikash1717]]>
              </value>
            </param>
            <param index="1">
              <value>
                <![CDATA[vicky@123]]>
              </value>
            </param>
          </params>
          <reporter-output>
          </reporter-output>
        </test-method> <!-- veriyLogin -->
        <test-method status="SKIP" signature="tearDown(org.testng.ITestResult)[pri:0, instance:com.qa.test.LoginTest@1d251891]" name="tearDown" is-config="true" duration-ms="0" started-at="2019-11-20T12:00:49Z" finished-at="2019-11-20T12:00:49Z">
          <reporter-output>
          </reporter-output>
        </test-method> <!-- tearDown -->
        <test-method status="SKIP" signature="setUp()[pri:0, instance:com.qa.test.LoginTest@1d251891]" name="setUp" is-config="true" duration-ms="0" started-at="2019-11-20T12:00:49Z" finished-at="2019-11-20T12:00:49Z">
          <reporter-output>
          </reporter-output>
        </test-method> <!-- setUp -->
        <test-method status="SKIP" signature="veriyLogin(java.lang.String, java.lang.String)[pri:0, instance:com.qa.test.LoginTest@1d251891]" name="veriyLogin" duration-ms="0" started-at="2019-11-20T12:00:49Z" data-provider="getData" finished-at="2019-11-20T12:00:49Z">
          <params>
            <param index="0">
              <value>
                <![CDATA[vicky1818]]>
              </value>
            </param>
            <param index="1">
              <value>
                <![CDATA[vicky@123]]>
              </value>
            </param>
          </params>
          <reporter-output>
          </reporter-output>
        </test-method> <!-- veriyLogin -->
        <test-method status="SKIP" signature="tearDown(org.testng.ITestResult)[pri:0, instance:com.qa.test.LoginTest@1d251891]" name="tearDown" is-config="true" duration-ms="27" started-at="2019-11-20T12:00:49Z" finished-at="2019-11-20T12:00:49Z">
          <reporter-output>
          </reporter-output>
        </test-method> <!-- tearDown -->
        <test-method status="SKIP" signature="veriyLogin(java.lang.String, java.lang.String)[pri:0, instance:com.qa.test.LoginTest@1d251891]" name="veriyLogin" duration-ms="0" started-at="2019-11-20T12:00:49Z" data-provider="getData" finished-at="2019-11-20T12:00:49Z">
          <params>
            <param index="0">
              <value>
                <![CDATA[vicky1818]]>
              </value>
            </param>
            <param index="1">
              <value>
                <![CDATA[vikash@123]]>
              </value>
            </param>
          </params>
          <reporter-output>
          </reporter-output>
        </test-method> <!-- veriyLogin -->
        <test-method status="SKIP" signature="setUp()[pri:0, instance:com.qa.test.LoginTest@1d251891]" name="setUp" is-config="true" duration-ms="0" started-at="2019-11-20T12:00:49Z" finished-at="2019-11-20T12:00:49Z">
          <reporter-output>
          </reporter-output>
        </test-method> <!-- setUp -->
        <test-method status="SKIP" signature="tearDown(org.testng.ITestResult)[pri:0, instance:com.qa.test.LoginTest@1d251891]" name="tearDown" is-config="true" duration-ms="0" started-at="2019-11-20T12:00:49Z" finished-at="2019-11-20T12:00:49Z">
          <reporter-output>
          </reporter-output>
        </test-method> <!-- tearDown -->
      </class> <!-- com.qa.test.LoginTest -->
    </test> <!-- Surefire test -->
  </suite> <!-- Surefire suite -->
</testng-results>
